{
  "stats": {
    "suites": 1,
    "tests": 1,
    "passes": 1,
    "pending": 0,
    "failures": 0,
    "start": "2022-08-15T18:22:18.153Z",
    "end": "2022-08-15T18:22:46.620Z",
    "duration": 28467,
    "testsRegistered": 1,
    "passPercent": 100,
    "pendingPercent": 0,
    "other": 0,
    "hasOther": false,
    "skipped": 0,
    "hasSkipped": false
  },
  "results": [
    {
      "uuid": "89bd60c1-b058-4e05-879a-de2f651486a8",
      "title": "",
      "fullFile": "C:\\auto_builders\\features\\cadastro.feature",
      "file": "\\features\\cadastro.feature",
      "beforeHooks": [],
      "afterHooks": [],
      "tests": [],
      "suites": [
        {
          "uuid": "7dbc7d84-95aa-479d-9adb-61b90b78ef32",
          "title": "Cadastro no app Clima",
          "fullFile": "C:\\auto_builders\\features\\cadastro.feature",
          "file": "\\features\\cadastro.feature",
          "beforeHooks": [
            {
              "title": "\"before all\" hook: codeceptjs.beforeSuite in \"Cadastro no app Clima\"",
              "fullTitle": "Cadastro no app Clima \"before all\" hook: codeceptjs.beforeSuite in \"Cadastro no app Clima\"",
              "timedOut": false,
              "duration": 1,
              "state": null,
              "speed": null,
              "pass": false,
              "fail": false,
              "pending": false,
              "context": null,
              "code": "scenario.suiteSetup(suite)",
              "err": {},
              "uuid": "eb257954-979e-4404-8bcc-c15a1192af99",
              "parentUUID": "7dbc7d84-95aa-479d-9adb-61b90b78ef32",
              "isHook": true,
              "skipped": false
            },
            {
              "title": "\"before each\" hook: codeceptjs.before in \"Cadastro no app Clima\"",
              "fullTitle": "Cadastro no app Clima \"before each\" hook: codeceptjs.before in \"Cadastro no app Clima\"",
              "timedOut": false,
              "duration": 7586,
              "state": null,
              "speed": null,
              "pass": false,
              "fail": false,
              "pending": false,
              "context": null,
              "code": "scenario.setup(suite)",
              "err": {},
              "uuid": "cada5252-e6c3-4973-a7c6-a6ba03a0ae6e",
              "parentUUID": "7dbc7d84-95aa-479d-9adb-61b90b78ef32",
              "isHook": true,
              "skipped": false
            }
          ],
          "afterHooks": [
            {
              "title": "\"after all\" hook: codeceptjs.afterSuite in \"Cadastro no app Clima\"",
              "fullTitle": "Cadastro no app Clima \"after all\" hook: codeceptjs.afterSuite in \"Cadastro no app Clima\"",
              "timedOut": false,
              "duration": 0,
              "state": null,
              "speed": null,
              "pass": false,
              "fail": false,
              "pending": false,
              "context": null,
              "code": "scenario.suiteTeardown(suite)",
              "err": {},
              "uuid": "a25a04f6-1bbd-45bc-9b6a-d7ba89f86e4e",
              "parentUUID": "7dbc7d84-95aa-479d-9adb-61b90b78ef32",
              "isHook": true,
              "skipped": false
            },
            {
              "title": "\"after each\" hook: codeceptjs.after in \"Cadastro no app Clima\"",
              "fullTitle": "Cadastro no app Clima \"after each\" hook: codeceptjs.after in \"Cadastro no app Clima\"",
              "timedOut": false,
              "duration": 959,
              "state": null,
              "speed": null,
              "pass": false,
              "fail": false,
              "pending": false,
              "context": null,
              "code": "scenario.teardown(suite)",
              "err": {},
              "uuid": "784699ef-b89c-4433-ba2b-ea8a37b5f34c",
              "parentUUID": "7dbc7d84-95aa-479d-9adb-61b90b78ef32",
              "isHook": true,
              "skipped": false
            }
          ],
          "tests": [
            {
              "title": "Realizar o cadastro de usuário no app de Clima local",
              "fullTitle": "Cadastro no app Clima Realizar o cadastro de usuário no app de Clima local",
              "timedOut": false,
              "duration": 19915,
              "state": "passed",
              "speed": "slow",
              "pass": true,
              "fail": false,
              "pending": false,
              "context": null,
              "code": "runSteps(child.steps)",
              "err": {},
              "uuid": "a6d116c2-e241-4a5f-abcf-55bc9df3b04e",
              "parentUUID": "7dbc7d84-95aa-479d-9adb-61b90b78ef32",
              "isHook": false,
              "skipped": false
            }
          ],
          "suites": [],
          "passes": [
            "a6d116c2-e241-4a5f-abcf-55bc9df3b04e"
          ],
          "failures": [],
          "pending": [],
          "skipped": [],
          "duration": 19915,
          "root": false,
          "rootEmpty": false,
          "_timeout": 0
        }
      ],
      "passes": [],
      "failures": [],
      "pending": [],
      "skipped": [],
      "duration": 0,
      "root": true,
      "rootEmpty": true,
      "_timeout": 0
    }
  ],
  "meta": {
    "mocha": {
      "version": "10.0.0"
    },
    "mochawesome": {
      "options": {
        "quiet": false,
        "reportFilename": "mochawesome",
        "saveHtml": true,
        "saveJson": true,
        "consoleReporter": "spec",
        "useInlineDiffs": false,
        "code": true
      },
      "version": "7.1.3"
    },
    "marge": {
      "options": {
        "reportDir": "output"
      },
      "version": "6.2.0"
    }
  }
}